LISTING FOR LOGIC DESCRIPTION FILE: ADR-DECODE-4K.pld                Page 1

CUPL(WM): Universal Compiler for Programmable Logic
Version 5.0a Serial# 60008009
Copyright (c) 1983, 1998 Logical Devices, Inc.
Created Fri Jan 31 17:13:51 2025

  1:Name            Adrdec;
  2:Partno          Ic1;
  3:Revision        03;
  4:Date            04/10/23;
  5:Designer        Felgentreu;
  6:Company         Felge1966.;
  7:Assembly        Z1013 Memory Decoder;
  8:Location        IC1;
  9:Device          G16V8;
 10:
 11:/************************************************************************/
 12:/* This device generates the chip select signals for the mem functions. */
 13:/* It also enables the data bus transceiver for both memory             */
 14:/* write cycles.                                                        */
 15:/************************************************************************/
 16:
 17:/** Inputs **/
 18:
 19:pin [1..6] = [a10..15] ;             /* system addresses a10 - a15   */
 20:pin 7      = !mreq ;                 /* same signal as ioacc         */
 21:pin 8      = memdi ;                 /* on-board memory access       */
 22:
 23:/** Outputs **/
 24:
 25:pin 19     = !raml ;                   /* on-board I/O being accessed  */
 26:pin 18     = !ramh ;                 /* parallel port chip select    */
 27:pin 17     = !rom ;                   /* real-time clock chip select  */
 28:
 29:/** Declarations and Intermediate Variable Definitions  **/
 30:
 31:field   memaddr    = [a10..15] ;
 32:raml_eqn        = memaddr:[0000..7FFF] ;  /*******************************/
 33:ramh_eqn        = memaddr:[8000..DFFF] ;  /*          MEM Address        */
 34:rom_eqn         = memaddr:[F000..FFFF] ;  /*             Ranges          */
 35:                                          /*******************************/
 36:
 37:/** Logic Equations **/
 38:
 39:raml              = !mreq & memdi & raml_eqn ;
 40:ramh              = !mreq & memdi & ramh_eqn ;
 41:rom               = !mreq & memdi & rom_eqn ;
 42:
 43:



Jedec Fuse Checksum       (3de3)
Jedec Transmit Checksum   (d842)
